Updating at: 2019-04-30 17:24:03.087675
New Reviews found: {}
Updating at: 2019-04-30 17:26:03.299699
New Reviews found: {}
Updating at: 2019-04-30 17:28:03.489317
New Reviews found: {}
Updating at: 2019-04-30 17:30:03.717864
New Reviews found: {}
Updating at: 2019-04-30 17:32:03.018130
New Reviews found: {}
Updating at: 2019-04-30 17:34:03.181577
New Reviews found: {}
Updating at: 2019-04-30 17:36:03.345892
New Reviews found: {}
Updating at: 2019-04-30 17:38:03.660662
New Reviews found: {}
Updating at: 2019-04-30 17:40:02.954255
New Reviews found: {}
Updating at: 2019-04-30 17:42:03.373988
New Reviews found: {}
Updating at: 2019-04-30 17:44:03.669134
New Reviews found: {}
Updating at: 2019-04-30 17:46:02.925561
New Reviews found: {}
Updating at: 2019-04-30 17:48:03.139505
New Reviews found: {}
Updating at: 2019-04-30 17:50:03.449894
New Reviews found: {}
Updating at: 2019-04-30 17:52:02.771158
New Reviews found: {}
Updating at: 2019-04-30 17:54:03.103329
New Reviews found: {}
Updating at: 2019-04-30 17:56:03.294765
New Reviews found: {}
Updating at: 2019-04-30 17:58:03.573905
New Reviews found: {}
Updating at: 2019-04-30 18:00:02.815180
New Reviews found: {}
Updating at: 2019-04-30 18:02:03.171875
New Reviews found: {}
Updating at: 2019-04-30 18:04:03.348144
New Reviews found: {}
Updating at: 2019-04-30 18:06:03.526454
New Reviews found: {}
Updating at: 2019-04-30 18:08:02.788812
New Reviews found: {}
Updating at: 2019-04-30 18:10:02.962183
New Reviews found: {}
Updating at: 2019-04-30 18:12:03.143253
New Reviews found: {}
Updating at: 2019-04-30 18:14:03.346188
New Reviews found: {}
Updating at: 2019-04-30 18:16:03.534345
New Reviews found: {}
Updating at: 2019-04-30 18:18:02.867658
New Reviews found: {}
Updating at: 2019-04-30 18:20:03.135253
New Reviews found: {}
Updating at: 2019-04-30 18:22:03.349661
New Reviews found: {}
Updating at: 2019-04-30 18:24:03.611928
New Reviews found: {}
Updating at: 2019-04-30 18:26:02.928239
New Reviews found: {}
Updating at: 2019-04-30 18:28:03.168125
New Reviews found: {}
Updating at: 2019-04-30 18:30:03.459124
New Reviews found: {}
Updating at: 2019-04-30 18:32:03.709087
New Reviews found: {}
Updating at: 2019-04-30 18:34:03.063720
New Reviews found: {}
Updating at: 2019-04-30 18:36:03.270668
New Reviews found: {}
Updating at: 2019-04-30 18:38:03.565522
New Reviews found: {}
Updating at: 2019-04-30 18:40:02.871793
New Reviews found: {}
Updating at: 2019-04-30 18:42:03.158254
New Reviews found: {}
Updating at: 2019-04-30 18:44:03.502279
New Reviews found: {}
Updating at: 2019-04-30 18:46:03.769352
New Reviews found: {}
Updating at: 2019-04-30 18:48:03.028494
New Reviews found: {}
Updating at: 2019-04-30 18:50:03.215814
New Reviews found: {}
Updating at: 2019-04-30 18:52:03.402261
New Reviews found: {}
Updating at: 2019-04-30 18:54:03.572890
New Reviews found: {}
Updating at: 2019-04-30 18:56:02.823381
New Reviews found: {}
Updating at: 2019-04-30 18:58:03.103982
New Reviews found: {}
Updating at: 2019-04-30 19:00:03.377277
New Reviews found: {}
Updating at: 2019-04-30 19:02:03.617641
New Reviews found: {}
Updating at: 2019-04-30 19:04:02.926606
New Reviews found: {}
Updating at: 2019-04-30 19:06:03.238174
New Reviews found: {}
Updating at: 2019-04-30 19:08:03.430598
New Reviews found: {}
Updating at: 2019-04-30 19:10:03.623482
New Reviews found: {}
Updating at: 2019-04-30 19:12:02.793977
New Reviews found: {}
Updating at: 2019-04-30 19:14:03.007449
New Reviews found: {}
Updating at: 2019-04-30 19:16:03.298854
New Reviews found: {}
Updating at: 2019-04-30 19:18:03.502323
New Reviews found: {}
Updating at: 2019-04-30 19:20:02.773938
New Reviews found: {}
Updating at: 2019-04-30 19:22:03.036873
New Reviews found: {}
Updating at: 2019-04-30 19:24:03.191535
New Reviews found: {}
Updating at: 2019-04-30 19:26:03.365016
New Reviews found: {}
Updating at: 2019-04-30 19:28:03.671171
New Reviews found: {}
Updating at: 2019-04-30 19:30:02.864346
New Reviews found: {}
Updating at: 2019-04-30 19:32:03.026073
New Reviews found: {}
Updating at: 2019-04-30 19:34:03.219682
New Reviews found: {}
Updating at: 2019-04-30 19:36:03.387490
New Reviews found: {}
Updating at: 2019-04-30 19:38:03.553308
New Reviews found: {}
Updating at: 2019-04-30 19:40:03.749181
New Reviews found: {}
Updating at: 2019-04-30 19:42:02.932455
New Reviews found: {}
Updating at: 2019-04-30 19:44:03.195586
New Reviews found: {}
Updating at: 2019-04-30 19:46:03.504998
New Reviews found: {}
Updating at: 2019-04-30 19:48:02.769866
New Reviews found: {}
Updating at: 2019-04-30 19:50:03.108276
New Reviews found: {}
Updating at: 2019-04-30 19:52:03.282555
New Reviews found: {}
Updating at: 2019-04-30 19:54:03.646069
New Reviews found: {}
Updating at: 2019-04-30 19:56:02.990951
New Reviews found: {}
Updating at: 2019-04-30 19:58:03.200352
New Reviews found: {}
Updating at: 2019-04-30 20:00:13.183695
New Reviews found: {}
Updating at: 2019-04-30 20:02:12.815868
New Reviews found: {}
Updating at: 2019-04-30 20:04:13.457103
New Reviews found: {}
Updating at: 2019-04-30 20:06:13.154150
New Reviews found: {}
Updating at: 2019-04-30 20:08:12.657614
New Reviews found: {}
Updating at: 2019-04-30 20:10:12.081436
New Reviews found: {}
Updating at: 2019-04-30 20:12:12.964540
New Reviews found: {}
Updating at: 2019-04-30 20:14:13.055094
New Reviews found: {}
Updating at: 2019-04-30 20:16:13.051724
New Reviews found: {}
Updating at: 2019-04-30 20:18:13.714878
New Reviews found: {}
Updating at: 2019-04-30 20:20:12.840700
New Reviews found: {}
Updating at: 2019-04-30 20:22:13.027541
New Reviews found: {}
Updating at: 2019-04-30 20:24:13.421398
New Reviews found: {}
Updating at: 2019-04-30 20:26:13.450532
New Reviews found: {}
Updating at: 2019-04-30 20:28:13.488841
New Reviews found: {}
Updating at: 2019-04-30 20:30:14.324058
New Reviews found: {}
Updating at: 2019-04-30 20:32:13.912737
New Reviews found: {}
Updating at: 2019-04-30 20:34:13.174471
New Reviews found: {}
Updating at: 2019-04-30 20:36:13.920269
New Reviews found: {}
Updating at: 2019-04-30 20:38:13.165998
New Reviews found: {}
Updating at: 2019-04-30 20:40:13.540424
New Reviews found: {}
Updating at: 2019-04-30 20:42:12.814007
New Reviews found: {}
Updating at: 2019-04-30 20:44:13.840554
New Reviews found: {}
Updating at: 2019-04-30 20:46:13.140450
New Reviews found: {}
Updating at: 2019-04-30 20:48:13.078564
New Reviews found: {}
Updating at: 2019-04-30 20:50:13.126754
New Reviews found: {}
Updating at: 2019-04-30 20:52:12.821630
New Reviews found: {}
Updating at: 2019-04-30 20:54:13.390792
New Reviews found: {}
Updating at: 2019-04-30 20:56:12.530409
New Reviews found: {}
Updating at: 2019-04-30 20:58:13.367134
New Reviews found: {}
Updating at: 2019-04-30 21:00:13.631186
New Reviews found: {}
Updating at: 2019-04-30 21:02:13.824894
New Reviews found: {}
Updating at: 2019-04-30 21:04:13.274671
New Reviews found: {}
Updating at: 2019-04-30 21:06:13.270233
New Reviews found: {}
Updating at: 2019-04-30 21:08:12.566925
New Reviews found: {}
Updating at: 2019-04-30 21:10:12.810911
New Reviews found: {}
Updating at: 2019-04-30 21:12:12.872192
New Reviews found: {}
Updating at: 2019-04-30 21:14:12.482294
New Reviews found: {}
Updating at: 2019-04-30 21:16:13.379058
New Reviews found: {}
Updating at: 2019-04-30 21:18:12.792650
New Reviews found: {}
Updating at: 2019-04-30 21:20:13.524065
New Reviews found: {}
Updating at: 2019-04-30 21:22:12.676929
New Reviews found: {}
Updating at: 2019-04-30 21:24:12.219141
New Reviews found: {}
Updating at: 2019-04-30 21:26:13.325066
New Reviews found: {}
Updating at: 2019-04-30 21:28:13.316027
New Reviews found: {}
Updating at: 2019-04-30 21:30:13.073843
New Reviews found: {}
Updating at: 2019-04-30 21:32:12.748141
New Reviews found: {}
Updating at: 2019-04-30 21:34:13.282421
New Reviews found: {}
Updating at: 2019-04-30 21:36:12.480882
New Reviews found: {}
Updating at: 2019-04-30 21:38:12.762802
New Reviews found: {}
Updating at: 2019-04-30 21:40:12.594318
New Reviews found: {}
Updating at: 2019-04-30 21:42:13.407280
New Reviews found: {}
Updating at: 2019-04-30 21:44:12.594816
New Reviews found: {}
Updating at: 2019-04-30 21:46:13.204100
New Reviews found: {}
Updating at: 2019-04-30 21:48:12.578456
New Reviews found: {}
Updating at: 2019-04-30 21:50:14.697510
New Reviews found: {}
Updating at: 2019-04-30 21:52:12.609520
New Reviews found: {}
Updating at: 2019-04-30 21:54:12.358967
New Reviews found: {}
Updating at: 2019-04-30 21:56:12.618288
New Reviews found: {}
Updating at: 2019-04-30 21:58:12.975953
New Reviews found: {}
Updating at: 2019-04-30 22:00:11.806009
New Reviews found: {}
Updating at: 2019-04-30 22:02:12.336953
New Reviews found: {}
Updating at: 2019-04-30 22:04:12.136029
New Reviews found: {}
Updating at: 2019-04-30 22:06:13.187394
New Reviews found: {}
Updating at: 2019-04-30 22:08:12.605952
New Reviews found: {}
Updating at: 2019-04-30 22:10:12.957769
New Reviews found: {}
Updating at: 2019-04-30 22:12:12.559189
New Reviews found: {}
Updating at: 2019-04-30 22:14:12.121623
New Reviews found: {}
Updating at: 2019-04-30 22:16:11.916231
New Reviews found: {}
Updating at: 2019-04-30 22:18:12.882008
New Reviews found: {}
Updating at: 2019-04-30 22:20:13.111267
New Reviews found: {}
Updating at: 2019-04-30 22:22:12.299792
New Reviews found: {}
Updating at: 2019-04-30 22:24:12.642679
New Reviews found: {}
Updating at: 2019-04-30 22:26:11.785592
New Reviews found: {}
Updating at: 2019-04-30 22:28:12.735136
New Reviews found: {}
Updating at: 2019-04-30 22:30:12.973762
New Reviews found: {}
Updating at: 2019-04-30 22:32:12.255591
New Reviews found: {}
Updating at: 2019-04-30 22:34:12.221703
New Reviews found: {}
Updating at: 2019-04-30 22:36:11.830188
New Reviews found: {}
Updating at: 2019-04-30 22:38:12.369291
New Reviews found: {}
Updating at: 2019-04-30 22:40:12.641267
New Reviews found: {}
Updating at: 2019-04-30 22:42:12.714175
New Reviews found: {}
Updating at: 2019-04-30 22:44:12.547939
New Reviews found: {}
Updating at: 2019-04-30 22:46:12.434372
New Reviews found: {}
Updating at: 2019-04-30 22:48:12.285230
New Reviews found: {}
Updating at: 2019-04-30 22:50:11.802999
New Reviews found: {}
Updating at: 2019-04-30 22:52:12.350276
New Reviews found: {}
Updating at: 2019-04-30 22:54:12.774314
New Reviews found: {}
Updating at: 2019-04-30 22:56:12.691829
New Reviews found: {}
Updating at: 2019-04-30 22:58:12.399804
New Reviews found: {}
Updating at: 2019-04-30 23:00:11.677886
New Reviews found: {}
Updating at: 2019-04-30 23:02:13.236226
New Reviews found: {'ckJiTjIN2yQov0qnWaeiiw': ['Yelp', 'Uncle Joeâ€™s', '4/12/2019', "A huge heart felt thank you to Joe Yengo for his contribution to Officer Jack Nelson's retirement party on Friday, April 5, from the City of Ithaca Police Department. One of the kindest gestures of all times! Thank you for making his night even more memorable and taking care of all the guests! One of Ithaca's Best family spots and bars. Stop in say hello to Joe and his Crew!", 5, 0, 'a_A8RcUn4-aNJJwN1-TXIw']}
Updating at: 2019-04-30 23:04:12.328078
New Reviews found: {}
Updating at: 2019-04-30 23:06:12.125321
New Reviews found: {}
Updating at: 2019-04-30 23:08:11.735678
New Reviews found: {}
Updating at: 2019-04-30 23:10:12.021280
New Reviews found: {}
Updating at: 2019-04-30 23:12:12.291599
New Reviews found: {}
Updating at: 2019-04-30 23:14:12.478285
New Reviews found: {}
Updating at: 2019-04-30 23:16:11.643010
New Reviews found: {}
Updating at: 2019-04-30 23:18:12.053332
New Reviews found: {}
Updating at: 2019-04-30 23:20:11.767772
New Reviews found: {}
Updating at: 2019-04-30 23:22:12.315882
New Reviews found: {}
Updating at: 2019-04-30 23:24:11.856191
New Reviews found: {}
Updating at: 2019-04-30 23:26:12.155791
New Reviews found: {}
Updating at: 2019-04-30 23:28:11.688458
New Reviews found: {}
Updating at: 2019-04-30 23:30:11.991212
New Reviews found: {}
Updating at: 2019-04-30 23:32:11.814614
New Reviews found: {}
Updating at: 2019-04-30 23:34:12.421981
New Reviews found: {}
Updating at: 2019-04-30 23:36:12.383126
New Reviews found: {}
Updating at: 2019-04-30 23:38:12.643260
New Reviews found: {}
Updating at: 2019-04-30 23:40:11.627491
New Reviews found: {}
Updating at: 2019-04-30 23:42:11.775546
New Reviews found: {}
Updating at: 2019-04-30 23:44:12.352483
New Reviews found: {}
Updating at: 2019-04-30 23:46:12.972892
New Reviews found: {}
Updating at: 2019-04-30 23:48:12.324421
New Reviews found: {}
Updating at: 2019-04-30 23:50:12.161219
New Reviews found: {}
Updating at: 2019-04-30 23:52:12.337645
New Reviews found: {}
Updating at: 2019-04-30 23:54:11.848058
New Reviews found: {}
Updating at: 2019-04-30 23:56:11.382596
New Reviews found: {}
Updating at: 2019-04-30 23:58:03.276569
New Reviews found: {}
Updating at: 2019-05-01 00:00:03.470502
New Reviews found: {}
Updating at: 2019-05-01 00:02:02.700394
New Reviews found: {}
Updating at: 2019-05-01 00:04:02.854098
New Reviews found: {}
Updating at: 2019-05-01 00:06:03.213858
New Reviews found: {}
Updating at: 2019-05-01 00:08:03.441733
New Reviews found: {}
Updating at: 2019-05-01 00:10:03.604003
New Reviews found: {}
Updating at: 2019-05-01 00:12:02.800047
New Reviews found: {}
Updating at: 2019-05-01 00:14:04.112482
New Reviews found: {}
Updating at: 2019-05-01 00:16:03.405247
New Reviews found: {}
Updating at: 2019-05-01 00:18:03.716419
New Reviews found: {}
Updating at: 2019-05-01 00:20:03.018442
New Reviews found: {}
Updating at: 2019-05-01 00:22:03.228022
New Reviews found: {}
Updating at: 2019-05-01 00:24:03.389407
New Reviews found: {}
Updating at: 2019-05-01 00:26:03.629547
New Reviews found: {}
Updating at: 2019-05-01 00:28:02.889866
New Reviews found: {}
Updating at: 2019-05-01 00:30:03.019880
New Reviews found: {}
Updating at: 2019-05-01 00:32:03.210286
New Reviews found: {}
Updating at: 2019-05-01 00:34:03.405697
New Reviews found: {}
Updating at: 2019-05-01 00:36:03.606546
New Reviews found: {}
                         key   api  ... num_votes           restaurant_id
0     54SMNqAMLKdCPUL6qulFhQ  Yelp  ...         0  ZzA6l46CKDrHp7tQwV30GA
1     JTOgrWhG_VJ-FRikr6Tcow  Yelp  ...         0  ZzA6l46CKDrHp7tQwV30GA
2     1nNArxJdbKsBTDiylYigIg  Yelp  ...         1  ZzA6l46CKDrHp7tQwV30GA
3     7rfumZn_RU5VjaJvCr5IoQ  Yelp  ...         1  ZzA6l46CKDrHp7tQwV30GA
4     6dn6Z2ZxuN4EvwPOoOtn0g  Yelp  ...         1  ZzA6l46CKDrHp7tQwV30GA
5     l7oULh_4repEGZ_lCoTUSg  Yelp  ...         2  ZzA6l46CKDrHp7tQwV30GA
6     WCIxWyhNgzhaUszTr8a0ZA  Yelp  ...         1  ZzA6l46CKDrHp7tQwV30GA
7     D15UsRq7j1ttFKbcXC6CoA  Yelp  ...        19  ZzA6l46CKDrHp7tQwV30GA
8     fGGmLCP2Fz_V5FPRKU_Q5Q  Yelp  ...        16  ZzA6l46CKDrHp7tQwV30GA
9     W6nEFj0l6D1T86Vwm9eo8w  Yelp  ...         5  ZzA6l46CKDrHp7tQwV30GA
10    HFR1zIJr5ES_3e5nWM7Epg  Yelp  ...        19  ZzA6l46CKDrHp7tQwV30GA
11    KWmHpCm9XJYF8RaRGS8xQg  Yelp  ...         5  RiMF2ekc_bU2v9q852FC6w
12    -1A4URlHObXoj049lEzcYg  Yelp  ...         0  RiMF2ekc_bU2v9q852FC6w
13    KjreINC0jNxHXvSBQKXIEw  Yelp  ...         3  RiMF2ekc_bU2v9q852FC6w
14    H6IQlAzvq5ti_-4cmuoQdQ  Yelp  ...         2  RiMF2ekc_bU2v9q852FC6w
15    ceMTAeAZyL3JT833j5P5KQ  Yelp  ...        16  RiMF2ekc_bU2v9q852FC6w
16    BdLwRQ1kMJxFRSfvPQyyeg  Yelp  ...         5  RiMF2ekc_bU2v9q852FC6w
17    0bH8Zs2-_6fdEc8iQ8UhfA  Yelp  ...         4  RiMF2ekc_bU2v9q852FC6w
18    Bss72okPnSu-espGm5eO0g  Yelp  ...         0  RiMF2ekc_bU2v9q852FC6w
19    99r_a0D7XmC3exPtFP0zdg  Yelp  ...         0  RiMF2ekc_bU2v9q852FC6w
20    qlwEUArK94jv62bxxei6HQ  Yelp  ...         1  RiMF2ekc_bU2v9q852FC6w
21    9p54eIRs1pEFNvAeiOfE0A  Yelp  ...         2  RiMF2ekc_bU2v9q852FC6w
22    HIBK-itht3ZsZ8Bz7tHxcA  Yelp  ...         2  RiMF2ekc_bU2v9q852FC6w
23    um0Dj9KpnLlSX5UBBrOJ0A  Yelp  ...         0  RiMF2ekc_bU2v9q852FC6w
24    moYzf2hoM_6UwX4aan9-SA  Yelp  ...         0  81Z-hyEQ3m5s3iNjozHFxw
25    _C32pGflUkV-wrK4Qr_B3g  Yelp  ...         0  81Z-hyEQ3m5s3iNjozHFxw
26    fVwyI-gsGSf0EAJHpoCjDQ  Yelp  ...         0  81Z-hyEQ3m5s3iNjozHFxw
27    zR8mCSb4YRAQSVZt8PGhEA  Yelp  ...         0  81Z-hyEQ3m5s3iNjozHFxw
28    anDPZUsKWi-ksMRZVGA3hg  Yelp  ...         0  81Z-hyEQ3m5s3iNjozHFxw
29    mcPXDz_L5AsQ9DQdqGcK6A  Yelp  ...         0  81Z-hyEQ3m5s3iNjozHFxw
...                      ...   ...  ...       ...                     ...
3703  _sepvJH7PH5Zp8D-1di8Ig  Yelp  ...         0  c2rs0ig1YXFS3D9cQWshoA
3704  ILTZxorS91CpLAjdLJ2Mqw  Yelp  ...         0  5Q_MqV2gVoyWF_heXkVRUQ
3705  9dOSYAY6GmDz0c1IkogL7A  Yelp  ...         0  5Q_MqV2gVoyWF_heXkVRUQ
3706  bayXmIj2iSkXN5h6N9RD9Q  Yelp  ...         0  5Q_MqV2gVoyWF_heXkVRUQ
3707  m5Ccp1hzgq80pzfKlALZvw  Yelp  ...         0  8Zoh-M0oIQZ-uI3cpQ8bBg
3708  j_JyPsNbQMuZOjNvdRUHdQ  Yelp  ...         0  8Zoh-M0oIQZ-uI3cpQ8bBg
3709  n2-fIbIx7ta8TAD6VpKnNA  Yelp  ...         0  -4dfm4rBG5xv8sPSSmE5qA
3710  lXnHf-hjy8U-8dJzGC0KVQ  Yelp  ...         3  vWXMwnNy1TUAc4-IuFoE1g
3711  otFdfh1lSHjYRaK3MfIAqw  Yelp  ...         0  vWXMwnNy1TUAc4-IuFoE1g
3712  efHNPeEXAJm0i7sxlk3Ztg  Yelp  ...         0  9F2zRgWyn1srb9y4ZIg6Dg
3713  gbQP6l68oQ6onLkBeX1Jzg  Yelp  ...         0  5MUes8izXroJxQZuV94e7A
3714  nCRTmL5-jlURRi7Md7te4g  Yelp  ...         0  5MUes8izXroJxQZuV94e7A
3715  moYzf2hoM_6UwX4aan9-SA  Yelp  ...         0  81Z-hyEQ3m5s3iNjozHFxw
3716  Tf6y0_CEupMlJTAGnVSX1g  Yelp  ...         0  fkxuzBc1Ock3jwqlaCi8NQ
3717  OJtDaKSDnvAc4wrzLWs-vQ  Yelp  ...         0  ybewokFnvF5TSnBsVXyUTA
3718  oBaZgEilj00mlOsni4bhbQ  Yelp  ...         0  ybewokFnvF5TSnBsVXyUTA
3719  kYzKD2z8pgR-9h-zQFLM-A  Yelp  ...         0  ybewokFnvF5TSnBsVXyUTA
3720  iOCDKls-F_ygZosgrV1PLg  Yelp  ...         0  ybewokFnvF5TSnBsVXyUTA
3721  iXP28KNK3bLCFppPWP_kHA  Yelp  ...         0  xIeieT_QNMUChRdi8sNohQ
3722  7d6DULr-a-gVXKV0nOvQTw  Yelp  ...         0  xIeieT_QNMUChRdi8sNohQ
3723  7-O30z4iEJ16LsNaLJft5Q  Yelp  ...         1  xIeieT_QNMUChRdi8sNohQ
3724  Wc8Suiea3OnmO0T5So2N7Q  Yelp  ...         1  xIeieT_QNMUChRdi8sNohQ
3725  QJ6CXC07WJWi76zW-n5kJQ  Yelp  ...         0  v4ACmVJr7ZXGP9uEbHfosw
3726  A2qqkbY3kWPZKF7zDB9Ccw  Yelp  ...         0  qDaEZVlcsvbqCc9ANRnl4g
3727  1AQz0SfAabeMAcbwbqljKA  Yelp  ...         0  Ror-3i2eib1r1dEwCfLMtA
3728  1u6v3Jmyd7wqKHZzUFT60A  Yelp  ...         0  594kvUIZoNGj3TuG1afb4w
3729  pecR0QH74QLHrFWMiX7SYA  Yelp  ...         0  dhh34rRlTtGuFRDj1zgZWQ
3730  fu4YgLi2XOobFNwq_YDuxg  Yelp  ...         0  ZmSPwl8y35H2hSC8IZruvQ
3731  Fsxe_vPbvykTc1mUoYmnHw  Yelp  ...         0  dl6eJ6sowYvlVaHPv1zvWQ
3732  ckJiTjIN2yQov0qnWaeiiw  Yelp  ...         0  a_A8RcUn4-aNJJwN1-TXIw

[3733 rows x 8 columns]
Traceback (most recent call last):
  File "/usr/lib/python3/dist-packages/urllib3/connection.py", line 141, in _new_conn
    (self.host, self.port), self.timeout, **extra_kw)
  File "/usr/lib/python3/dist-packages/urllib3/util/connection.py", line 83, in create_connection
    raise err
  File "/usr/lib/python3/dist-packages/urllib3/util/connection.py", line 73, in create_connection
    sock.connect(sa)
ConnectionRefusedError: [Errno 111] Connection refused

During handling of the above exception, another exception occurred:

Traceback (most recent call last):
  File "/usr/lib/python3/dist-packages/urllib3/connectionpool.py", line 601, in urlopen
    chunked=chunked)
  File "/usr/lib/python3/dist-packages/urllib3/connectionpool.py", line 357, in _make_request
    conn.request(method, url, **httplib_request_kw)
  File "/usr/lib/python3.6/http/client.py", line 1239, in request
    self._send_request(method, url, body, headers, encode_chunked)
  File "/usr/lib/python3.6/http/client.py", line 1285, in _send_request
    self.endheaders(body, encode_chunked=encode_chunked)
  File "/usr/lib/python3.6/http/client.py", line 1234, in endheaders
    self._send_output(message_body, encode_chunked=encode_chunked)
  File "/usr/lib/python3.6/http/client.py", line 1026, in _send_output
    self.send(msg)
  File "/usr/lib/python3.6/http/client.py", line 964, in send
    self.connect()
  File "/usr/lib/python3/dist-packages/urllib3/connection.py", line 166, in connect
    conn = self._new_conn()
  File "/usr/lib/python3/dist-packages/urllib3/connection.py", line 150, in _new_conn
    self, "Failed to establish a new connection: %s" % e)
urllib3.exceptions.NewConnectionError: <urllib3.connection.HTTPConnection object at 0x7f5d3523d208>: Failed to establish a new connection: [Errno 111] Connection refused

During handling of the above exception, another exception occurred:

Traceback (most recent call last):
  File "/usr/lib/python3/dist-packages/requests/adapters.py", line 440, in send
    timeout=timeout
  File "/usr/lib/python3/dist-packages/urllib3/connectionpool.py", line 639, in urlopen
    _stacktrace=sys.exc_info()[2])
  File "/usr/lib/python3/dist-packages/urllib3/util/retry.py", line 388, in increment
    raise MaxRetryError(_pool, url, error or ResponseError(cause))
urllib3.exceptions.MaxRetryError: HTTPConnectionPool(host='localhost', port=5000): Max retries exceeded with url: /data (Caused by NewConnectionError('<urllib3.connection.HTTPConnection object at 0x7f5d3523d208>: Failed to establish a new connection: [Errno 111] Connection refused',))

During handling of the above exception, another exception occurred:

Traceback (most recent call last):
  File "/home/hduser1/Restuarant_Review/UpdateYelp.py", line 3, in <module>
    from post_to_frontend import send_data
  File "/home/hduser1/Restuarant_Review/post_to_frontend.py", line 12, in <module>
    r = requests.post("http://localhost:5000/data",data=data)
  File "/usr/lib/python3/dist-packages/requests/api.py", line 112, in post
    return request('post', url, data=data, json=json, **kwargs)
  File "/usr/lib/python3/dist-packages/requests/api.py", line 58, in request
    return session.request(method=method, url=url, **kwargs)
  File "/usr/lib/python3/dist-packages/requests/sessions.py", line 508, in request
    resp = self.send(prep, **send_kwargs)
  File "/usr/lib/python3/dist-packages/requests/sessions.py", line 618, in send
    r = adapter.send(request, **kwargs)
  File "/usr/lib/python3/dist-packages/requests/adapters.py", line 508, in send
    raise ConnectionError(e, request=request)
requests.exceptions.ConnectionError: HTTPConnectionPool(host='localhost', port=5000): Max retries exceeded with url: /data (Caused by NewConnectionError('<urllib3.connection.HTTPConnection object at 0x7f5d3523d208>: Failed to establish a new connection: [Errno 111] Connection refused',))
Closing remaining open files:/home/hduser1/Restuarant_Review/zomato.hdf...done
